  [1m[36mSQL (31.2ms)[0m  [1m SELECT name
 FROM sqlite_master
 WHERE type = 'table' AND NOT name = 'sqlite_sequence'
[0m
  [1m[35mSQL (0.2ms)[0m  select sqlite_version(*)
  [1m[36mSQL (1289.0ms)[0m  [1mCREATE TABLE "schema_migrations" ("version" varchar(255) NOT NULL) [0m
  [1m[35mSQL (0.1ms)[0m  PRAGMA index_list("schema_migrations")
  [1m[36mSQL (560.7ms)[0m  [1mCREATE UNIQUE INDEX "unique_schema_migrations" ON "schema_migrations" ("version")[0m
  [1m[35mSQL (0.2ms)[0m   SELECT name
 FROM sqlite_master
 WHERE type = 'table' AND NOT name = 'sqlite_sequence'
  [1m[36mSQL (0.2ms)[0m  [1m SELECT name
 FROM sqlite_master
 WHERE type = 'table' AND NOT name = 'sqlite_sequence'
[0m
  [1m[35mSQL (0.1ms)[0m  SELECT "schema_migrations"."version" FROM "schema_migrations"
Migrating to CreateDelayedJobs (20110524013435)
  [1m[36mSQL (0.2ms)[0m  [1m SELECT name
 FROM sqlite_master
 WHERE type = 'table' AND NOT name = 'sqlite_sequence'
[0m
  [1m[35mSQL (87.6ms)[0m  CREATE TABLE "delayed_jobs" ("id" INTEGER PRIMARY KEY AUTOINCREMENT NOT NULL, "priority" integer DEFAULT 0, "attempts" integer DEFAULT 0, "handler" text, "last_error" text, "run_at" datetime, "locked_at" datetime, "failed_at" datetime, "locked_by" varchar(255), "created_at" datetime, "updated_at" datetime) 
  [1m[36mSQL (0.1ms)[0m  [1mPRAGMA index_list("delayed_jobs")[0m
  [1m[35mSQL (0.1ms)[0m  CREATE INDEX "delayed_jobs_priority" ON "delayed_jobs" ("priority", "run_at")
  [1m[36mSQL (37.6ms)[0m  [1mINSERT INTO "schema_migrations" ("version") VALUES ('20110524013435')[0m
Migrating to MoveFromMongo (20110525012644)
  [1m[35mSQL (0.5ms)[0m  CREATE TABLE "coders" ("id" INTEGER PRIMARY KEY AUTOINCREMENT NOT NULL, "org_id" integer, "gravatar_id" varchar(255), "company" varchar(255), "name" varchar(255), "created_at" datetime, "location" varchar(255), "public_repo_count" integer, "public_gist_count" integer, "blog" varchar(255), "following_count" integer, "type" varchar(255), "followers_count" integer, "login" varchar(255), "permission" boolean, "email" varchar(255)) 
  [1m[36mSQL (0.0ms)[0m  [1mPRAGMA index_list("coders")[0m
  [1m[35mSQL (0.1ms)[0m  CREATE INDEX "index_coders_on_org_id" ON "coders" ("org_id")
  [1m[36mSQL (0.1ms)[0m  [1mPRAGMA index_list("coders")[0m
  [1m[35mSQL (0.1ms)[0m  PRAGMA index_info('index_coders_on_org_id')
  [1m[36mSQL (0.1ms)[0m  [1mCREATE INDEX "index_coders_on_login" ON "coders" ("login")[0m
  [1m[35mSQL (0.1ms)[0m  PRAGMA index_list("coders")
  [1m[36mSQL (0.0ms)[0m  [1mPRAGMA index_info('index_coders_on_login')[0m
  [1m[35mSQL (0.0ms)[0m  PRAGMA index_info('index_coders_on_org_id')
  [1m[36mSQL (0.1ms)[0m  [1mCREATE INDEX "index_coders_on_following_count" ON "coders" ("following_count")[0m
  [1m[35mSQL (0.1ms)[0m  PRAGMA index_list("coders")
  [1m[36mSQL (0.0ms)[0m  [1mPRAGMA index_info('index_coders_on_following_count')[0m
  [1m[35mSQL (0.0ms)[0m  PRAGMA index_info('index_coders_on_login')
  [1m[36mSQL (0.0ms)[0m  [1mPRAGMA index_info('index_coders_on_org_id')[0m
  [1m[35mSQL (0.1ms)[0m  CREATE INDEX "index_coders_on_followers_count" ON "coders" ("followers_count")
  [1m[36mSQL (0.1ms)[0m  [1mPRAGMA index_list("coders")[0m
  [1m[35mSQL (0.0ms)[0m  PRAGMA index_info('index_coders_on_followers_count')
  [1m[36mSQL (0.0ms)[0m  [1mPRAGMA index_info('index_coders_on_following_count')[0m
  [1m[35mSQL (0.0ms)[0m  PRAGMA index_info('index_coders_on_login')
  [1m[36mSQL (0.0ms)[0m  [1mPRAGMA index_info('index_coders_on_org_id')[0m
  [1m[35mSQL (0.1ms)[0m  CREATE INDEX "index_coders_on_public_repo_count" ON "coders" ("public_repo_count")
  [1m[36mSQL (0.1ms)[0m  [1mPRAGMA index_list("coders")[0m
  [1m[35mSQL (0.0ms)[0m  PRAGMA index_info('index_coders_on_public_repo_count')
  [1m[36mSQL (0.0ms)[0m  [1mPRAGMA index_info('index_coders_on_followers_count')[0m
  [1m[35mSQL (0.0ms)[0m  PRAGMA index_info('index_coders_on_following_count')
  [1m[36mSQL (0.0ms)[0m  [1mPRAGMA index_info('index_coders_on_login')[0m
  [1m[35mSQL (0.0ms)[0m  PRAGMA index_info('index_coders_on_org_id')
  [1m[36mSQL (0.1ms)[0m  [1mCREATE INDEX "index_coders_on_public_gist_count" ON "coders" ("public_gist_count")[0m
  [1m[35mSQL (0.1ms)[0m  PRAGMA index_list("coders")
  [1m[36mSQL (0.0ms)[0m  [1mPRAGMA index_info('index_coders_on_public_gist_count')[0m
  [1m[35mSQL (0.0ms)[0m  PRAGMA index_info('index_coders_on_public_repo_count')
  [1m[36mSQL (0.1ms)[0m  [1mPRAGMA index_info('index_coders_on_followers_count')[0m
  [1m[35mSQL (0.0ms)[0m  PRAGMA index_info('index_coders_on_following_count')
  [1m[36mSQL (0.0ms)[0m  [1mPRAGMA index_info('index_coders_on_login')[0m
  [1m[35mSQL (0.0ms)[0m  PRAGMA index_info('index_coders_on_org_id')
  [1m[36mSQL (0.1ms)[0m  [1mCREATE INDEX "index_coders_on_created_at" ON "coders" ("created_at")[0m
  [1m[35mSQL (0.1ms)[0m  CREATE TABLE "commits" ("id" INTEGER PRIMARY KEY AUTOINCREMENT NOT NULL, "project_id" integer, "coder_id" integer, "org_id" integer, "sha" varchar(255), "branch" varchar(255), "message" varchar(255), "committed_date" datetime) 
  [1m[36mSQL (0.0ms)[0m  [1mPRAGMA index_list("commits")[0m
  [1m[35mSQL (0.1ms)[0m  CREATE INDEX "index_commits_on_sha" ON "commits" ("sha")
  [1m[36mSQL (0.1ms)[0m  [1mPRAGMA index_list("commits")[0m
  [1m[35mSQL (0.0ms)[0m  PRAGMA index_info('index_commits_on_sha')
  [1m[36mSQL (0.1ms)[0m  [1mCREATE INDEX "index_commits_on_project_id" ON "commits" ("project_id")[0m
  [1m[35mSQL (0.1ms)[0m  PRAGMA index_list("commits")
  [1m[36mSQL (0.0ms)[0m  [1mPRAGMA index_info('index_commits_on_project_id')[0m
  [1m[35mSQL (0.0ms)[0m  PRAGMA index_info('index_commits_on_sha')
  [1m[36mSQL (0.1ms)[0m  [1mCREATE INDEX "index_commits_on_coder_id" ON "commits" ("coder_id")[0m
  [1m[35mSQL (0.1ms)[0m  PRAGMA index_list("commits")
  [1m[36mSQL (0.0ms)[0m  [1mPRAGMA index_info('index_commits_on_coder_id')[0m
  [1m[35mSQL (0.0ms)[0m  PRAGMA index_info('index_commits_on_project_id')
  [1m[36mSQL (0.0ms)[0m  [1mPRAGMA index_info('index_commits_on_sha')[0m
  [1m[35mSQL (0.1ms)[0m  CREATE INDEX "index_commits_on_org_id" ON "commits" ("org_id")
  [1m[36mSQL (0.1ms)[0m  [1mPRAGMA index_list("commits")[0m
  [1m[35mSQL (0.0ms)[0m  PRAGMA index_info('index_commits_on_org_id')
  [1m[36mSQL (0.0ms)[0m  [1mPRAGMA index_info('index_commits_on_coder_id')[0m
  [1m[35mSQL (0.0ms)[0m  PRAGMA index_info('index_commits_on_project_id')
  [1m[36mSQL (0.0ms)[0m  [1mPRAGMA index_info('index_commits_on_sha')[0m
  [1m[35mSQL (0.1ms)[0m  CREATE INDEX "index_commits_on_committed_date" ON "commits" ("committed_date")
  [1m[36mSQL (0.2ms)[0m  [1mCREATE TABLE "orgs" ("id" INTEGER PRIMARY KEY AUTOINCREMENT NOT NULL, "gravatar_id" varchar(255), "company" varchar(255), "name" varchar(255), "created_at" datetime, "location" varchar(255), "public_repo_count" integer, "public_gist_count" integer, "permission" boolean, "blog" varchar(255), "following_count" integer, "type" varchar(255), "followers_count" integer, "login" varchar(255), "email" varchar(255)) [0m
  [1m[35mSQL (0.0ms)[0m  PRAGMA index_list("orgs")
  [1m[36mSQL (0.1ms)[0m  [1mCREATE INDEX "index_orgs_on_id" ON "orgs" ("id")[0m
  [1m[35mSQL (0.0ms)[0m  PRAGMA index_list("orgs")
  [1m[36mSQL (0.0ms)[0m  [1mPRAGMA index_info('index_orgs_on_id')[0m
  [1m[35mSQL (0.1ms)[0m  CREATE INDEX "index_orgs_on_login" ON "orgs" ("login")
  [1m[36mSQL (0.1ms)[0m  [1mPRAGMA index_list("orgs")[0m
  [1m[35mSQL (0.0ms)[0m  PRAGMA index_info('index_orgs_on_login')
  [1m[36mSQL (0.0ms)[0m  [1mPRAGMA index_info('index_orgs_on_id')[0m
  [1m[35mSQL (0.1ms)[0m  CREATE INDEX "index_orgs_on_email" ON "orgs" ("email")
  [1m[36mSQL (0.1ms)[0m  [1mPRAGMA index_list("orgs")[0m
  [1m[35mSQL (0.0ms)[0m  PRAGMA index_info('index_orgs_on_email')
  [1m[36mSQL (0.0ms)[0m  [1mPRAGMA index_info('index_orgs_on_login')[0m
  [1m[35mSQL (0.0ms)[0m  PRAGMA index_info('index_orgs_on_id')
  [1m[36mSQL (0.1ms)[0m  [1mCREATE INDEX "index_orgs_on_followers_count" ON "orgs" ("followers_count")[0m
  [1m[35mSQL (0.1ms)[0m  PRAGMA index_list("orgs")
  [1m[36mSQL (0.0ms)[0m  [1mPRAGMA index_info('index_orgs_on_followers_count')[0m
  [1m[35mSQL (0.0ms)[0m  PRAGMA index_info('index_orgs_on_email')
  [1m[36mSQL (0.0ms)[0m  [1mPRAGMA index_info('index_orgs_on_login')[0m
  [1m[35mSQL (0.0ms)[0m  PRAGMA index_info('index_orgs_on_id')
  [1m[36mSQL (0.1ms)[0m  [1mCREATE INDEX "index_orgs_on_following_count" ON "orgs" ("following_count")[0m
  [1m[35mSQL (0.1ms)[0m  PRAGMA index_list("orgs")
  [1m[36mSQL (0.0ms)[0m  [1mPRAGMA index_info('index_orgs_on_following_count')[0m
  [1m[35mSQL (0.0ms)[0m  PRAGMA index_info('index_orgs_on_followers_count')
  [1m[36mSQL (0.0ms)[0m  [1mPRAGMA index_info('index_orgs_on_email')[0m
  [1m[35mSQL (0.0ms)[0m  PRAGMA index_info('index_orgs_on_login')
  [1m[36mSQL (0.0ms)[0m  [1mPRAGMA index_info('index_orgs_on_id')[0m
  [1m[35mSQL (0.1ms)[0m  CREATE INDEX "index_orgs_on_created_at" ON "orgs" ("created_at")
  [1m[36mSQL (0.2ms)[0m  [1mCREATE TABLE "projects" ("id" INTEGER PRIMARY KEY AUTOINCREMENT NOT NULL, "homepage" varchar(255), "has_downloads" varchar(255), "forks" integer, "url" varchar(255), "watchers" integer, "has_wiki" varchar(255), "fork" boolean, "language" varchar(255), "open_issues" integer, "created_at" datetime, "organization" varchar(255), "description" text, "size" integer, "private" boolean, "has_issues" boolean, "pushed_at" datetime, "name" varchar(255), "permission" boolean, "owner" varchar(255), "org_id" integer) [0m
  [1m[35mSQL (0.0ms)[0m  PRAGMA index_list("projects")
  [1m[36mSQL (0.1ms)[0m  [1mCREATE INDEX "index_projects_on_name" ON "projects" ("name")[0m
  [1m[35mSQL (0.1ms)[0m  PRAGMA index_list("projects")
  [1m[36mSQL (0.0ms)[0m  [1mPRAGMA index_info('index_projects_on_name')[0m
  [1m[35mSQL (0.1ms)[0m  CREATE INDEX "index_projects_on_org_id" ON "projects" ("org_id")
  [1m[36mSQL (0.1ms)[0m  [1mPRAGMA index_list("projects")[0m
  [1m[35mSQL (0.0ms)[0m  PRAGMA index_info('index_projects_on_org_id')
  [1m[36mSQL (0.0ms)[0m  [1mPRAGMA index_info('index_projects_on_name')[0m
  [1m[35mSQL (0.1ms)[0m  CREATE INDEX "index_projects_on_organization" ON "projects" ("organization")
  [1m[36mSQL (0.1ms)[0m  [1mPRAGMA index_list("projects")[0m
  [1m[35mSQL (0.0ms)[0m  PRAGMA index_info('index_projects_on_organization')
  [1m[36mSQL (0.0ms)[0m  [1mPRAGMA index_info('index_projects_on_org_id')[0m
  [1m[35mSQL (0.0ms)[0m  PRAGMA index_info('index_projects_on_name')
  [1m[36mSQL (0.1ms)[0m  [1mCREATE INDEX "index_projects_on_fork" ON "projects" ("fork")[0m
  [1m[35mSQL (0.1ms)[0m  PRAGMA index_list("projects")
  [1m[36mSQL (0.0ms)[0m  [1mPRAGMA index_info('index_projects_on_fork')[0m
  [1m[35mSQL (0.0ms)[0m  PRAGMA index_info('index_projects_on_organization')
  [1m[36mSQL (0.0ms)[0m  [1mPRAGMA index_info('index_projects_on_org_id')[0m
  [1m[35mSQL (0.0ms)[0m  PRAGMA index_info('index_projects_on_name')
  [1m[36mSQL (0.1ms)[0m  [1mCREATE INDEX "index_projects_on_forks" ON "projects" ("forks")[0m
  [1m[35mSQL (0.1ms)[0m  PRAGMA index_list("projects")
  [1m[36mSQL (0.0ms)[0m  [1mPRAGMA index_info('index_projects_on_forks')[0m
  [1m[35mSQL (0.0ms)[0m  PRAGMA index_info('index_projects_on_fork')
  [1m[36mSQL (0.0ms)[0m  [1mPRAGMA index_info('index_projects_on_organization')[0m
  [1m[35mSQL (0.0ms)[0m  PRAGMA index_info('index_projects_on_org_id')
  [1m[36mSQL (0.0ms)[0m  [1mPRAGMA index_info('index_projects_on_name')[0m
  [1m[35mSQL (0.1ms)[0m  CREATE INDEX "index_projects_on_open_issues" ON "projects" ("open_issues")
  [1m[36mSQL (0.1ms)[0m  [1mPRAGMA index_list("projects")[0m
  [1m[35mSQL (0.0ms)[0m  PRAGMA index_info('index_projects_on_open_issues')
  [1m[36mSQL (0.0ms)[0m  [1mPRAGMA index_info('index_projects_on_forks')[0m
  [1m[35mSQL (0.0ms)[0m  PRAGMA index_info('index_projects_on_fork')
  [1m[36mSQL (0.0ms)[0m  [1mPRAGMA index_info('index_projects_on_organization')[0m
  [1m[35mSQL (0.0ms)[0m  PRAGMA index_info('index_projects_on_org_id')
  [1m[36mSQL (0.0ms)[0m  [1mPRAGMA index_info('index_projects_on_name')[0m
  [1m[35mSQL (0.1ms)[0m  CREATE INDEX "index_projects_on_created_at" ON "projects" ("created_at")
  [1m[36mSQL (0.1ms)[0m  [1mPRAGMA index_list("projects")[0m
  [1m[35mSQL (0.0ms)[0m  PRAGMA index_info('index_projects_on_created_at')
  [1m[36mSQL (0.0ms)[0m  [1mPRAGMA index_info('index_projects_on_open_issues')[0m
  [1m[35mSQL (0.0ms)[0m  PRAGMA index_info('index_projects_on_forks')
  [1m[36mSQL (0.0ms)[0m  [1mPRAGMA index_info('index_projects_on_fork')[0m
  [1m[35mSQL (0.0ms)[0m  PRAGMA index_info('index_projects_on_organization')
  [1m[36mSQL (0.0ms)[0m  [1mPRAGMA index_info('index_projects_on_org_id')[0m
  [1m[35mSQL (0.0ms)[0m  PRAGMA index_info('index_projects_on_name')
  [1m[36mSQL (0.1ms)[0m  [1mCREATE INDEX "index_projects_on_size" ON "projects" ("size")[0m
  [1m[35mSQL (0.1ms)[0m  PRAGMA index_list("projects")
  [1m[36mSQL (0.0ms)[0m  [1mPRAGMA index_info('index_projects_on_size')[0m
  [1m[35mSQL (0.0ms)[0m  PRAGMA index_info('index_projects_on_created_at')
  [1m[36mSQL (0.0ms)[0m  [1mPRAGMA index_info('index_projects_on_open_issues')[0m
  [1m[35mSQL (0.0ms)[0m  PRAGMA index_info('index_projects_on_forks')
  [1m[36mSQL (0.0ms)[0m  [1mPRAGMA index_info('index_projects_on_fork')[0m
  [1m[35mSQL (0.0ms)[0m  PRAGMA index_info('index_projects_on_organization')
  [1m[36mSQL (0.0ms)[0m  [1mPRAGMA index_info('index_projects_on_org_id')[0m
  [1m[35mSQL (0.0ms)[0m  PRAGMA index_info('index_projects_on_name')
  [1m[36mSQL (0.1ms)[0m  [1mCREATE INDEX "index_projects_on_watchers" ON "projects" ("watchers")[0m
  [1m[35mSQL (0.1ms)[0m  INSERT INTO "schema_migrations" ("version") VALUES ('20110525012644')
Migrating to AddFirstCommitToCoders (20110526000533)
  [1m[36mSQL (36.9ms)[0m  [1mALTER TABLE "coders" ADD "first_commit" datetime[0m
  [1m[35mSQL (0.1ms)[0m  INSERT INTO "schema_migrations" ("version") VALUES ('20110526000533')
Migrating to CreateCounters (20110526215404)
  [1m[36mSQL (0.4ms)[0m  [1mCREATE TABLE "counters" ("id" INTEGER PRIMARY KEY AUTOINCREMENT NOT NULL, "project_id" integer, "created_at" datetime, "updated_at" datetime) [0m
  [1m[35mSQL (0.1ms)[0m  PRAGMA index_list("counters")
  [1m[36mSQL (0.2ms)[0m  [1mCREATE INDEX "index_counters_on_project_id" ON "counters" ("project_id")[0m
  [1m[35mSQL (0.1ms)[0m  INSERT INTO "schema_migrations" ("version") VALUES ('20110526215404')
  [1m[36mSQL (0.4ms)[0m  [1m SELECT name
 FROM sqlite_master
 WHERE type = 'table' AND NOT name = 'sqlite_sequence'
[0m
  [1m[35mSQL (0.1ms)[0m  SELECT "schema_migrations"."version" FROM "schema_migrations"
  [1m[36mSQL (0.3ms)[0m  [1m SELECT name
 FROM sqlite_master
 WHERE type = 'table' AND NOT name = 'sqlite_sequence'
[0m
  [1m[35mSQL (0.2ms)[0m  PRAGMA index_list("coders")
  [1m[36mSQL (0.1ms)[0m  [1mPRAGMA index_info('index_coders_on_created_at')[0m
  [1m[35mSQL (0.1ms)[0m  PRAGMA index_info('index_coders_on_public_gist_count')
  [1m[36mSQL (0.1ms)[0m  [1mPRAGMA index_info('index_coders_on_public_repo_count')[0m
  [1m[35mSQL (0.1ms)[0m  PRAGMA index_info('index_coders_on_followers_count')
  [1m[36mSQL (0.1ms)[0m  [1mPRAGMA index_info('index_coders_on_following_count')[0m
  [1m[35mSQL (0.1ms)[0m  PRAGMA index_info('index_coders_on_login')
  [1m[36mSQL (0.1ms)[0m  [1mPRAGMA index_info('index_coders_on_org_id')[0m
  [1m[35mSQL (0.1ms)[0m  PRAGMA index_list("commits")
  [1m[36mSQL (0.0ms)[0m  [1mPRAGMA index_info('index_commits_on_committed_date')[0m
  [1m[35mSQL (0.0ms)[0m  PRAGMA index_info('index_commits_on_org_id')
  [1m[36mSQL (0.0ms)[0m  [1mPRAGMA index_info('index_commits_on_coder_id')[0m
  [1m[35mSQL (0.0ms)[0m  PRAGMA index_info('index_commits_on_project_id')
  [1m[36mSQL (0.1ms)[0m  [1mPRAGMA index_info('index_commits_on_sha')[0m
  [1m[35mSQL (0.1ms)[0m  PRAGMA index_list("counters")
  [1m[36mSQL (0.0ms)[0m  [1mPRAGMA index_info('index_counters_on_project_id')[0m
  [1m[35mSQL (0.1ms)[0m  PRAGMA index_list("delayed_jobs")
  [1m[36mSQL (0.0ms)[0m  [1mPRAGMA index_info('delayed_jobs_priority')[0m
  [1m[35mSQL (0.1ms)[0m  PRAGMA index_list("orgs")
  [1m[36mSQL (0.0ms)[0m  [1mPRAGMA index_info('index_orgs_on_created_at')[0m
  [1m[35mSQL (0.0ms)[0m  PRAGMA index_info('index_orgs_on_following_count')
  [1m[36mSQL (0.0ms)[0m  [1mPRAGMA index_info('index_orgs_on_followers_count')[0m
  [1m[35mSQL (0.0ms)[0m  PRAGMA index_info('index_orgs_on_email')
  [1m[36mSQL (0.0ms)[0m  [1mPRAGMA index_info('index_orgs_on_login')[0m
  [1m[35mSQL (0.0ms)[0m  PRAGMA index_info('index_orgs_on_id')
  [1m[36mSQL (0.1ms)[0m  [1mPRAGMA index_list("projects")[0m
  [1m[35mSQL (0.0ms)[0m  PRAGMA index_info('index_projects_on_watchers')
  [1m[36mSQL (0.1ms)[0m  [1mPRAGMA index_info('index_projects_on_size')[0m
  [1m[35mSQL (0.0ms)[0m  PRAGMA index_info('index_projects_on_created_at')
  [1m[36mSQL (0.1ms)[0m  [1mPRAGMA index_info('index_projects_on_open_issues')[0m
  [1m[35mSQL (0.0ms)[0m  PRAGMA index_info('index_projects_on_forks')
  [1m[36mSQL (0.0ms)[0m  [1mPRAGMA index_info('index_projects_on_fork')[0m
  [1m[35mSQL (0.0ms)[0m  PRAGMA index_info('index_projects_on_organization')
  [1m[36mSQL (0.0ms)[0m  [1mPRAGMA index_info('index_projects_on_org_id')[0m
  [1m[35mSQL (0.0ms)[0m  PRAGMA index_info('index_projects_on_name')
